{"C:\\Users\\MEC-SIRROS\\Desktop\\academia-saude\\api-academia\\src\\repositories\\in-memory\\in-memory-user-repository.ts": {"path":"C:\\Users\\MEC-SIRROS\\Desktop\\academia-saude\\api-academia\\src\\repositories\\in-memory\\in-memory-user-repository.ts","all":false,"statementMap":{"0":{"start":{"line":1,"column":0},"end":{"line":1,"column":46}},"1":{"start":{"line":2,"column":0},"end":{"line":2,"column":54}},"2":{"start":{"line":3,"column":0},"end":{"line":3,"column":40}},"3":{"start":{"line":4,"column":0},"end":{"line":4,"column":63}},"4":{"start":{"line":5,"column":0},"end":{"line":5,"column":27}},"5":{"start":{"line":6,"column":0},"end":{"line":6,"column":0}},"6":{"start":{"line":7,"column":0},"end":{"line":7,"column":45}},"7":{"start":{"line":8,"column":0},"end":{"line":8,"column":16}},"8":{"start":{"line":9,"column":0},"end":{"line":9,"column":20}},"9":{"start":{"line":10,"column":0},"end":{"line":10,"column":19}},"10":{"start":{"line":11,"column":0},"end":{"line":11,"column":21}},"11":{"start":{"line":12,"column":0},"end":{"line":12,"column":37}},"12":{"start":{"line":13,"column":0},"end":{"line":13,"column":24}},"13":{"start":{"line":14,"column":0},"end":{"line":14,"column":4}},"14":{"start":{"line":15,"column":0},"end":{"line":15,"column":0}},"15":{"start":{"line":16,"column":0},"end":{"line":16,"column":24}},"16":{"start":{"line":17,"column":0},"end":{"line":17,"column":0}},"17":{"start":{"line":18,"column":0},"end":{"line":18,"column":14}},"18":{"start":{"line":19,"column":0},"end":{"line":19,"column":2}},"19":{"start":{"line":20,"column":0},"end":{"line":20,"column":0}},"20":{"start":{"line":21,"column":0},"end":{"line":21,"column":34}},"21":{"start":{"line":22,"column":0},"end":{"line":22,"column":54}},"22":{"start":{"line":23,"column":0},"end":{"line":23,"column":0}},"23":{"start":{"line":24,"column":0},"end":{"line":24,"column":12}},"24":{"start":{"line":25,"column":0},"end":{"line":25,"column":16}},"25":{"start":{"line":26,"column":0},"end":{"line":26,"column":3}},"26":{"start":{"line":27,"column":0},"end":{"line":27,"column":14}},"27":{"start":{"line":28,"column":0},"end":{"line":28,"column":2}},"28":{"start":{"line":29,"column":0},"end":{"line":29,"column":1}}},"s":{"0":1,"1":1,"2":1,"3":1,"4":4,"5":1,"6":1,"7":3,"8":3,"9":3,"10":3,"11":3,"12":3,"13":3,"14":3,"15":3,"16":3,"17":3,"18":3,"19":1,"20":1,"21":4,"22":4,"23":4,"24":2,"25":2,"26":2,"27":4,"28":1},"branchMap":{"0":{"type":"branch","line":4,"loc":{"start":{"line":4,"column":7},"end":{"line":5,"column":27}},"locations":[{"start":{"line":4,"column":7},"end":{"line":5,"column":27}}]},"1":{"type":"branch","line":7,"loc":{"start":{"line":7,"column":1},"end":{"line":19,"column":2}},"locations":[{"start":{"line":7,"column":1},"end":{"line":19,"column":2}}]},"2":{"type":"branch","line":21,"loc":{"start":{"line":21,"column":1},"end":{"line":28,"column":2}},"locations":[{"start":{"line":21,"column":1},"end":{"line":28,"column":2}}]},"3":{"type":"branch","line":24,"loc":{"start":{"line":24,"column":11},"end":{"line":27,"column":14}},"locations":[{"start":{"line":24,"column":11},"end":{"line":27,"column":14}}]},"4":{"type":"branch","line":22,"loc":{"start":{"line":22,"column":31},"end":{"line":22,"column":52}},"locations":[{"start":{"line":22,"column":31},"end":{"line":22,"column":52}}]}},"b":{"0":[4],"1":[3],"2":[4],"3":[2],"4":[2]},"fnMap":{"0":{"name":"InMemoryUserRepository","decl":{"start":{"line":4,"column":7},"end":{"line":5,"column":27}},"loc":{"start":{"line":4,"column":7},"end":{"line":5,"column":27}},"line":4},"1":{"name":"create","decl":{"start":{"line":7,"column":1},"end":{"line":19,"column":2}},"loc":{"start":{"line":7,"column":1},"end":{"line":19,"column":2}},"line":7},"2":{"name":"findByEmail","decl":{"start":{"line":21,"column":1},"end":{"line":28,"column":2}},"loc":{"start":{"line":21,"column":1},"end":{"line":28,"column":2}},"line":21}},"f":{"0":4,"1":3,"2":4}}
,"C:\\Users\\MEC-SIRROS\\Desktop\\academia-saude\\api-academia\\src\\use-cases\\authenticate.ts": {"path":"C:\\Users\\MEC-SIRROS\\Desktop\\academia-saude\\api-academia\\src\\use-cases\\authenticate.ts","all":false,"statementMap":{"0":{"start":{"line":1,"column":0},"end":{"line":1,"column":38}},"1":{"start":{"line":2,"column":0},"end":{"line":2,"column":67}},"2":{"start":{"line":3,"column":0},"end":{"line":3,"column":33}},"3":{"start":{"line":4,"column":0},"end":{"line":4,"column":76}},"4":{"start":{"line":5,"column":0},"end":{"line":5,"column":0}},"5":{"start":{"line":6,"column":0},"end":{"line":6,"column":30}},"6":{"start":{"line":7,"column":0},"end":{"line":7,"column":18}},"7":{"start":{"line":8,"column":0},"end":{"line":8,"column":20}},"8":{"start":{"line":9,"column":0},"end":{"line":9,"column":1}},"9":{"start":{"line":10,"column":0},"end":{"line":10,"column":31}},"10":{"start":{"line":11,"column":0},"end":{"line":11,"column":14}},"11":{"start":{"line":12,"column":0},"end":{"line":12,"column":1}},"12":{"start":{"line":13,"column":0},"end":{"line":13,"column":33}},"13":{"start":{"line":14,"column":0},"end":{"line":14,"column":55}},"14":{"start":{"line":15,"column":0},"end":{"line":15,"column":0}},"15":{"start":{"line":16,"column":0},"end":{"line":16,"column":83}},"16":{"start":{"line":17,"column":0},"end":{"line":17,"column":60}},"17":{"start":{"line":18,"column":0},"end":{"line":18,"column":8}},"18":{"start":{"line":19,"column":0},"end":{"line":19,"column":12}},"19":{"start":{"line":20,"column":0},"end":{"line":20,"column":39}},"20":{"start":{"line":21,"column":0},"end":{"line":21,"column":3}},"21":{"start":{"line":22,"column":0},"end":{"line":22,"column":0}},"22":{"start":{"line":23,"column":0},"end":{"line":23,"column":69}},"23":{"start":{"line":24,"column":0},"end":{"line":24,"column":0}},"24":{"start":{"line":25,"column":0},"end":{"line":25,"column":23}},"25":{"start":{"line":26,"column":0},"end":{"line":26,"column":39}},"26":{"start":{"line":27,"column":0},"end":{"line":27,"column":3}},"27":{"start":{"line":28,"column":0},"end":{"line":28,"column":0}},"28":{"start":{"line":29,"column":0},"end":{"line":29,"column":9}},"29":{"start":{"line":30,"column":0},"end":{"line":30,"column":7}},"30":{"start":{"line":31,"column":0},"end":{"line":31,"column":4}},"31":{"start":{"line":32,"column":0},"end":{"line":32,"column":2}},"32":{"start":{"line":33,"column":0},"end":{"line":33,"column":1}}},"s":{"0":1,"1":1,"2":1,"3":1,"4":1,"5":1,"6":1,"7":1,"8":1,"9":1,"10":1,"11":1,"12":1,"13":1,"14":1,"15":1,"16":3,"17":3,"18":3,"19":1,"20":1,"21":2,"22":2,"23":2,"24":3,"25":1,"26":1,"27":1,"28":1,"29":1,"30":1,"31":3,"32":1},"branchMap":{"0":{"type":"branch","line":14,"loc":{"start":{"line":14,"column":1},"end":{"line":14,"column":55}},"locations":[{"start":{"line":14,"column":1},"end":{"line":14,"column":55}}]},"1":{"type":"branch","line":16,"loc":{"start":{"line":16,"column":1},"end":{"line":32,"column":2}},"locations":[{"start":{"line":16,"column":1},"end":{"line":32,"column":2}}]},"2":{"type":"branch","line":19,"loc":{"start":{"line":19,"column":11},"end":{"line":21,"column":3}},"locations":[{"start":{"line":19,"column":11},"end":{"line":21,"column":3}}]},"3":{"type":"branch","line":21,"loc":{"start":{"line":21,"column":2},"end":{"line":25,"column":22}},"locations":[{"start":{"line":21,"column":2},"end":{"line":25,"column":22}}]},"4":{"type":"branch","line":25,"loc":{"start":{"line":25,"column":22},"end":{"line":31,"column":4}},"locations":[{"start":{"line":25,"column":22},"end":{"line":31,"column":4}}]}},"b":{"0":[3],"1":[3],"2":[1],"3":[2],"4":[1]},"fnMap":{"0":{"name":"AuthenticateUseCase","decl":{"start":{"line":14,"column":1},"end":{"line":14,"column":55}},"loc":{"start":{"line":14,"column":1},"end":{"line":14,"column":55}},"line":14},"1":{"name":"execute","decl":{"start":{"line":16,"column":1},"end":{"line":32,"column":2}},"loc":{"start":{"line":16,"column":1},"end":{"line":32,"column":2}},"line":16}},"f":{"0":3,"1":3}}
,"C:\\Users\\MEC-SIRROS\\Desktop\\academia-saude\\api-academia\\src\\use-cases\\register-user.ts": {"path":"C:\\Users\\MEC-SIRROS\\Desktop\\academia-saude\\api-academia\\src\\use-cases\\register-user.ts","all":false,"statementMap":{"0":{"start":{"line":1,"column":0},"end":{"line":1,"column":30}},"1":{"start":{"line":2,"column":0},"end":{"line":2,"column":38}},"2":{"start":{"line":3,"column":0},"end":{"line":3,"column":0}},"3":{"start":{"line":4,"column":0},"end":{"line":4,"column":67}},"4":{"start":{"line":5,"column":0},"end":{"line":5,"column":76}},"5":{"start":{"line":6,"column":0},"end":{"line":6,"column":0}},"6":{"start":{"line":7,"column":0},"end":{"line":7,"column":33}},"7":{"start":{"line":8,"column":0},"end":{"line":8,"column":17}},"8":{"start":{"line":9,"column":0},"end":{"line":9,"column":18}},"9":{"start":{"line":10,"column":0},"end":{"line":10,"column":20}},"10":{"start":{"line":11,"column":0},"end":{"line":11,"column":1}},"11":{"start":{"line":12,"column":0},"end":{"line":12,"column":0}},"12":{"start":{"line":13,"column":0},"end":{"line":13,"column":34}},"13":{"start":{"line":14,"column":0},"end":{"line":14,"column":14}},"14":{"start":{"line":15,"column":0},"end":{"line":15,"column":1}},"15":{"start":{"line":16,"column":0},"end":{"line":16,"column":0}},"16":{"start":{"line":17,"column":0},"end":{"line":17,"column":29}},"17":{"start":{"line":18,"column":0},"end":{"line":18,"column":55}},"18":{"start":{"line":19,"column":0},"end":{"line":19,"column":0}},"19":{"start":{"line":20,"column":0},"end":{"line":20,"column":96}},"20":{"start":{"line":21,"column":0},"end":{"line":21,"column":70}},"21":{"start":{"line":22,"column":0},"end":{"line":22,"column":20}},"22":{"start":{"line":23,"column":0},"end":{"line":23,"column":38}},"23":{"start":{"line":24,"column":0},"end":{"line":24,"column":3}},"24":{"start":{"line":25,"column":0},"end":{"line":25,"column":47}},"25":{"start":{"line":26,"column":0},"end":{"line":26,"column":49}},"26":{"start":{"line":27,"column":0},"end":{"line":27,"column":8}},"27":{"start":{"line":28,"column":0},"end":{"line":28,"column":9}},"28":{"start":{"line":29,"column":0},"end":{"line":29,"column":16}},"29":{"start":{"line":30,"column":0},"end":{"line":30,"column":5}},"30":{"start":{"line":31,"column":0},"end":{"line":31,"column":0}},"31":{"start":{"line":32,"column":0},"end":{"line":32,"column":10}},"32":{"start":{"line":33,"column":0},"end":{"line":33,"column":8}},"33":{"start":{"line":34,"column":0},"end":{"line":34,"column":4}},"34":{"start":{"line":35,"column":0},"end":{"line":35,"column":2}},"35":{"start":{"line":36,"column":0},"end":{"line":36,"column":1}}},"s":{"0":1,"1":1,"2":1,"3":1,"4":1,"5":1,"6":1,"7":1,"8":1,"9":1,"10":1,"11":1,"12":1,"13":1,"14":1,"15":1,"16":1,"17":1,"18":1,"19":1,"20":1,"21":1,"22":0,"23":0,"24":1,"25":1,"26":1,"27":1,"28":1,"29":1,"30":1,"31":1,"32":1,"33":1,"34":1,"35":1},"branchMap":{"0":{"type":"branch","line":18,"loc":{"start":{"line":18,"column":1},"end":{"line":18,"column":55}},"locations":[{"start":{"line":18,"column":1},"end":{"line":18,"column":55}}]},"1":{"type":"branch","line":20,"loc":{"start":{"line":20,"column":1},"end":{"line":35,"column":2}},"locations":[{"start":{"line":20,"column":1},"end":{"line":35,"column":2}}]},"2":{"type":"branch","line":22,"loc":{"start":{"line":22,"column":19},"end":{"line":24,"column":3}},"locations":[{"start":{"line":22,"column":19},"end":{"line":24,"column":3}}]}},"b":{"0":[1],"1":[1],"2":[0]},"fnMap":{"0":{"name":"RegisterUseCase","decl":{"start":{"line":18,"column":1},"end":{"line":18,"column":55}},"loc":{"start":{"line":18,"column":1},"end":{"line":18,"column":55}},"line":18},"1":{"name":"execute","decl":{"start":{"line":20,"column":1},"end":{"line":35,"column":2}},"loc":{"start":{"line":20,"column":1},"end":{"line":35,"column":2}},"line":20}},"f":{"0":1,"1":1}}
,"C:\\Users\\MEC-SIRROS\\Desktop\\academia-saude\\api-academia\\src\\use-cases\\errors\\invalid-credations-error.ts": {"path":"C:\\Users\\MEC-SIRROS\\Desktop\\academia-saude\\api-academia\\src\\use-cases\\errors\\invalid-credations-error.ts","all":false,"statementMap":{"0":{"start":{"line":1,"column":0},"end":{"line":1,"column":51}},"1":{"start":{"line":2,"column":0},"end":{"line":2,"column":15}},"2":{"start":{"line":3,"column":0},"end":{"line":3,"column":36}},"3":{"start":{"line":4,"column":0},"end":{"line":4,"column":2}},"4":{"start":{"line":5,"column":0},"end":{"line":5,"column":1}}},"s":{"0":1,"1":1,"2":2,"3":2,"4":1},"branchMap":{"0":{"type":"branch","line":2,"loc":{"start":{"line":2,"column":1},"end":{"line":4,"column":2}},"locations":[{"start":{"line":2,"column":1},"end":{"line":4,"column":2}}]}},"b":{"0":[2]},"fnMap":{"0":{"name":"InvalidCredentialsError","decl":{"start":{"line":2,"column":1},"end":{"line":4,"column":2}},"loc":{"start":{"line":2,"column":1},"end":{"line":4,"column":2}},"line":2}},"f":{"0":2}}
,"C:\\Users\\MEC-SIRROS\\Desktop\\academia-saude\\api-academia\\src\\use-cases\\errors\\user-already-exists-error.ts": {"path":"C:\\Users\\MEC-SIRROS\\Desktop\\academia-saude\\api-academia\\src\\use-cases\\errors\\user-already-exists-error.ts","all":false,"statementMap":{"0":{"start":{"line":1,"column":0},"end":{"line":1,"column":50}},"1":{"start":{"line":2,"column":0},"end":{"line":2,"column":15}},"2":{"start":{"line":3,"column":0},"end":{"line":3,"column":37}},"3":{"start":{"line":4,"column":0},"end":{"line":4,"column":2}},"4":{"start":{"line":5,"column":0},"end":{"line":5,"column":1}}},"s":{"0":1,"1":1,"2":0,"3":0,"4":1},"branchMap":{},"b":{},"fnMap":{"0":{"name":"UserAlreadyExistsError","decl":{"start":{"line":2,"column":1},"end":{"line":4,"column":2}},"loc":{"start":{"line":2,"column":1},"end":{"line":4,"column":2}},"line":2}},"f":{"0":0}}
}
